Arguments: 
  C:\Program Files\nodejs\node.exe C:\Users\Andres Pinilla\AppData\Roaming\npm\node_modules\yarn\bin\yarn.js add @react-native-community/checkbox01~

PATH: 
  C:\Users\Andres Pinilla\bin;C:\Program Files (x86)\Git\mingw32\bin;C:\Program Files (x86)\Git\usr\local\bin;C:\Program Files (x86)\Git\usr\bin;C:\Program Files (x86)\Git\usr\bin;C:\Program Files (x86)\Git\mingw32\bin;C:\Program Files (x86)\Git\usr\bin;C:\Users\Andres Pinilla\bin;C:\Program Files\Eclipse Adoptium\jdk-11.0.17.8-hotspot\bin;C:\Python310\Scripts;C:\Python310;C:\Program Files (x86)\Common Files\Intel\Shared Libraries\redist\intel64\compiler;C:\Windows\system32;C:\Windows;C:\Windows\System32\Wbem;C:\Windows\System32\WindowsPowerShell\v1.0;C:\Windows\System32\OpenSSH;C:\ProgramData\chocolatey\bin;C:\Program Files\OpenJDK\openjdk-8u302-b08\bin;C:\Program Files (x86)\Git\cmd;C:\Program Files\nodejs;C:\Users\Andres Pinilla\AppData\Local\Microsoft\WindowsApps;C:\Users\Andres Pinilla\AppData\Local\Programs\Microsoft VS Code\bin;C:\Users\Andres Pinilla\AppData\Roaming\npm;C:\Users\Andres Pinilla\AppData\Local\Android\Sdk;C:\Users\Andres Pinilla\AppData\Local\Android\Sdk\platform-tools;C:\Program Files\vtex\bin;C:\Program Files\OpenSSL-Win64\bin;C:\Program Files (x86)\Git\usr\bin\vendor_perl;C:\Program Files (x86)\Git\usr\bin\core_perl

Yarn version: 
  1.22.11

Node version: 
  18.13.0

Platform: 
  win32 x64

Trace: 
  Error: https://registry.yarnpkg.com/@react-native-community%2fcheckbox01~: Not found
      at params.callback [as _callback] (C:\Users\Andres Pinilla\AppData\Roaming\npm\node_modules\yarn\lib\cli.js:66992:18)
      at self.callback (C:\Users\Andres Pinilla\AppData\Roaming\npm\node_modules\yarn\lib\cli.js:140763:22)
      at Request.emit (node:events:513:28)
      at Request.<anonymous> (C:\Users\Andres Pinilla\AppData\Roaming\npm\node_modules\yarn\lib\cli.js:141735:10)
      at Request.emit (node:events:513:28)
      at IncomingMessage.<anonymous> (C:\Users\Andres Pinilla\AppData\Roaming\npm\node_modules\yarn\lib\cli.js:141657:12)
      at Object.onceWrapper (node:events:627:28)
      at IncomingMessage.emit (node:events:525:35)
      at endReadableNT (node:internal/streams/readable:1359:12)
      at process.processTicksAndRejections (node:internal/process/task_queues:82:21)

npm manifest: 
  {
    "name": "proyecto_final-final",
    "version": "1.0.0",
    "scripts": {
      "start": "expo start",
      "android": "expo start --android",
      "ios": "expo start --ios",
      "web": "expo start --web"
    },
    "dependencies": {
      "expo": "~47.0.9",
      "expo-status-bar": "~1.4.2",
      "@expo/vector-icons": "^13.0.0",
      "react-native-safe-area-context": "4.3.1"
    },
    "devDependencies": {
      "@babel/core": "^7.12.9"
    },
    "private": true
  }

yarn manifest: 
  No manifest

Lockfile: 
  No lockfile
